The system is: Darwin - 14.5.0 - x86_64
Compiling the C compiler identification source file "CMakeCCompilerId.c" succeeded.
Compiler: /Applications/Xcode.app/Contents/Developer/usr/bin/gcc 
Build flags: 
Id flags: 

The output was:
0


Compilation of the C compiler identification source "CMakeCCompilerId.c" produced "a.out"

The C compiler identification is AppleClang, found in "/Users/msmith/git/omush/proving_grounds/build/CMakeFiles/3.4.2/CompilerIdC/a.out"

Compiling the CXX compiler identification source file "CMakeCXXCompilerId.cpp" succeeded.
Compiler: /Applications/Xcode.app/Contents/Developer/usr/bin/g++ 
Build flags: ;-O0;-D_WEBSOCKETPP_CPP11_STL_;-ggdb
Id flags: 

The output was:
0


Compilation of the CXX compiler identification source "CMakeCXXCompilerId.cpp" produced "a.out"

The CXX compiler identification is AppleClang, found in "/Users/msmith/git/omush/proving_grounds/build/CMakeFiles/3.4.2/CompilerIdCXX/a.out"

Determining if the C compiler works passed with the following output:
Change Dir: /Users/msmith/git/omush/proving_grounds/build/CMakeFiles/CMakeTmp

Run Build Command:"/usr/bin/make" "cmTC_6f6e8/fast"
/Applications/Xcode.app/Contents/Developer/usr/bin/make -f CMakeFiles/cmTC_6f6e8.dir/build.make CMakeFiles/cmTC_6f6e8.dir/build
Building C object CMakeFiles/cmTC_6f6e8.dir/testCCompiler.c.o
/Applications/Xcode.app/Contents/Developer/usr/bin/gcc     -o CMakeFiles/cmTC_6f6e8.dir/testCCompiler.c.o   -c /Users/msmith/git/omush/proving_grounds/build/CMakeFiles/CMakeTmp/testCCompiler.c
Linking C executable cmTC_6f6e8
/usr/local/Cellar/cmake/3.4.2/bin/cmake -E cmake_link_script CMakeFiles/cmTC_6f6e8.dir/link.txt --verbose=1
/Applications/Xcode.app/Contents/Developer/usr/bin/gcc    -Wl,-search_paths_first -Wl,-headerpad_max_install_names   CMakeFiles/cmTC_6f6e8.dir/testCCompiler.c.o  -o cmTC_6f6e8  


Detecting C compiler ABI info compiled with the following output:
Change Dir: /Users/msmith/git/omush/proving_grounds/build/CMakeFiles/CMakeTmp

Run Build Command:"/usr/bin/make" "cmTC_d12b6/fast"
/Applications/Xcode.app/Contents/Developer/usr/bin/make -f CMakeFiles/cmTC_d12b6.dir/build.make CMakeFiles/cmTC_d12b6.dir/build
Building C object CMakeFiles/cmTC_d12b6.dir/CMakeCCompilerABI.c.o
/Applications/Xcode.app/Contents/Developer/usr/bin/gcc     -o CMakeFiles/cmTC_d12b6.dir/CMakeCCompilerABI.c.o   -c /usr/local/Cellar/cmake/3.4.2/share/cmake/Modules/CMakeCCompilerABI.c
Linking C executable cmTC_d12b6
/usr/local/Cellar/cmake/3.4.2/bin/cmake -E cmake_link_script CMakeFiles/cmTC_d12b6.dir/link.txt --verbose=1
/Applications/Xcode.app/Contents/Developer/usr/bin/gcc    -Wl,-search_paths_first -Wl,-headerpad_max_install_names  -v -Wl,-v CMakeFiles/cmTC_d12b6.dir/CMakeCCompilerABI.c.o  -o cmTC_d12b6   
Apple LLVM version 7.0.2 (clang-700.1.81)
Target: x86_64-apple-darwin14.5.0
Thread model: posix
 "/Applications/Xcode.app/Contents/Developer/Toolchains/XcodeDefault.xctoolchain/usr/bin/ld" -demangle -dynamic -arch x86_64 -macosx_version_min 10.10.0 -o cmTC_d12b6 -search_paths_first -headerpad_max_install_names -v CMakeFiles/cmTC_d12b6.dir/CMakeCCompilerABI.c.o -lSystem /Applications/Xcode.app/Contents/Developer/Toolchains/XcodeDefault.xctoolchain/usr/bin/../lib/clang/7.0.2/lib/darwin/libclang_rt.osx.a
@(#)PROGRAM:ld  PROJECT:ld64-253.9
configured to support archs: armv6 armv7 armv7s arm64 i386 x86_64 x86_64h armv6m armv7k armv7m armv7em (tvOS)
Library search paths:
	/usr/lib
	/usr/local/lib
Framework search paths:
	/Library/Frameworks/
	/System/Library/Frameworks/


Parsed C implicit link information from above output:
  link line regex: [^( *|.*[/\])(ld|([^/\]+-)?ld|collect2)[^/\]*( |$)]
  ignore line: [Change Dir: /Users/msmith/git/omush/proving_grounds/build/CMakeFiles/CMakeTmp]
  ignore line: []
  ignore line: [Run Build Command:"/usr/bin/make" "cmTC_d12b6/fast"]
  ignore line: [/Applications/Xcode.app/Contents/Developer/usr/bin/make -f CMakeFiles/cmTC_d12b6.dir/build.make CMakeFiles/cmTC_d12b6.dir/build]
  ignore line: [Building C object CMakeFiles/cmTC_d12b6.dir/CMakeCCompilerABI.c.o]
  ignore line: [/Applications/Xcode.app/Contents/Developer/usr/bin/gcc     -o CMakeFiles/cmTC_d12b6.dir/CMakeCCompilerABI.c.o   -c /usr/local/Cellar/cmake/3.4.2/share/cmake/Modules/CMakeCCompilerABI.c]
  ignore line: [Linking C executable cmTC_d12b6]
  ignore line: [/usr/local/Cellar/cmake/3.4.2/bin/cmake -E cmake_link_script CMakeFiles/cmTC_d12b6.dir/link.txt --verbose=1]
  ignore line: [/Applications/Xcode.app/Contents/Developer/usr/bin/gcc    -Wl,-search_paths_first -Wl,-headerpad_max_install_names  -v -Wl,-v CMakeFiles/cmTC_d12b6.dir/CMakeCCompilerABI.c.o  -o cmTC_d12b6   ]
  ignore line: [Apple LLVM version 7.0.2 (clang-700.1.81)]
  ignore line: [Target: x86_64-apple-darwin14.5.0]
  ignore line: [Thread model: posix]
  link line: [ "/Applications/Xcode.app/Contents/Developer/Toolchains/XcodeDefault.xctoolchain/usr/bin/ld" -demangle -dynamic -arch x86_64 -macosx_version_min 10.10.0 -o cmTC_d12b6 -search_paths_first -headerpad_max_install_names -v CMakeFiles/cmTC_d12b6.dir/CMakeCCompilerABI.c.o -lSystem /Applications/Xcode.app/Contents/Developer/Toolchains/XcodeDefault.xctoolchain/usr/bin/../lib/clang/7.0.2/lib/darwin/libclang_rt.osx.a]
    arg [/Applications/Xcode.app/Contents/Developer/Toolchains/XcodeDefault.xctoolchain/usr/bin/ld] ==> ignore
    arg [-demangle] ==> ignore
    arg [-dynamic] ==> ignore
    arg [-arch] ==> ignore
    arg [x86_64] ==> ignore
    arg [-macosx_version_min] ==> ignore
    arg [10.10.0] ==> ignore
    arg [-o] ==> ignore
    arg [cmTC_d12b6] ==> ignore
    arg [-search_paths_first] ==> ignore
    arg [-headerpad_max_install_names] ==> ignore
    arg [-v] ==> ignore
    arg [CMakeFiles/cmTC_d12b6.dir/CMakeCCompilerABI.c.o] ==> ignore
    arg [-lSystem] ==> lib [System]
    arg [/Applications/Xcode.app/Contents/Developer/Toolchains/XcodeDefault.xctoolchain/usr/bin/../lib/clang/7.0.2/lib/darwin/libclang_rt.osx.a] ==> lib [/Applications/Xcode.app/Contents/Developer/Toolchains/XcodeDefault.xctoolchain/usr/bin/../lib/clang/7.0.2/lib/darwin/libclang_rt.osx.a]
  Library search paths: [;/usr/lib;/usr/local/lib]
  Framework search paths: [;/Library/Frameworks/;/System/Library/Frameworks/]
  remove lib [System]
  collapse lib [/Applications/Xcode.app/Contents/Developer/Toolchains/XcodeDefault.xctoolchain/usr/bin/../lib/clang/7.0.2/lib/darwin/libclang_rt.osx.a] ==> [/Applications/Xcode.app/Contents/Developer/Toolchains/XcodeDefault.xctoolchain/usr/lib/clang/7.0.2/lib/darwin/libclang_rt.osx.a]
  collapse library dir [/usr/lib] ==> [/usr/lib]
  collapse library dir [/usr/local/lib] ==> [/usr/local/lib]
  collapse framework dir [/Library/Frameworks/] ==> [/Library/Frameworks]
  collapse framework dir [/System/Library/Frameworks/] ==> [/System/Library/Frameworks]
  implicit libs: [/Applications/Xcode.app/Contents/Developer/Toolchains/XcodeDefault.xctoolchain/usr/lib/clang/7.0.2/lib/darwin/libclang_rt.osx.a]
  implicit dirs: [/usr/lib;/usr/local/lib]
  implicit fwks: [/Library/Frameworks;/System/Library/Frameworks]




Detecting C [-std=c11] compiler features compiled with the following output:
Change Dir: /Users/msmith/git/omush/proving_grounds/build/CMakeFiles/CMakeTmp

Run Build Command:"/usr/bin/make" "cmTC_7bf32/fast"
/Applications/Xcode.app/Contents/Developer/usr/bin/make -f CMakeFiles/cmTC_7bf32.dir/build.make CMakeFiles/cmTC_7bf32.dir/build
Building C object CMakeFiles/cmTC_7bf32.dir/feature_tests.c.o
/Applications/Xcode.app/Contents/Developer/usr/bin/gcc    -std=c11 -o CMakeFiles/cmTC_7bf32.dir/feature_tests.c.o   -c /Users/msmith/git/omush/proving_grounds/build/CMakeFiles/feature_tests.c
Linking C executable cmTC_7bf32
/usr/local/Cellar/cmake/3.4.2/bin/cmake -E cmake_link_script CMakeFiles/cmTC_7bf32.dir/link.txt --verbose=1
/Applications/Xcode.app/Contents/Developer/usr/bin/gcc    -Wl,-search_paths_first -Wl,-headerpad_max_install_names   CMakeFiles/cmTC_7bf32.dir/feature_tests.c.o  -o cmTC_7bf32  


    Feature record: C_FEATURE:1c_function_prototypes
    Feature record: C_FEATURE:1c_restrict
    Feature record: C_FEATURE:1c_static_assert
    Feature record: C_FEATURE:1c_variadic_macros


Detecting C [-std=c99] compiler features compiled with the following output:
Change Dir: /Users/msmith/git/omush/proving_grounds/build/CMakeFiles/CMakeTmp

Run Build Command:"/usr/bin/make" "cmTC_53620/fast"
/Applications/Xcode.app/Contents/Developer/usr/bin/make -f CMakeFiles/cmTC_53620.dir/build.make CMakeFiles/cmTC_53620.dir/build
Building C object CMakeFiles/cmTC_53620.dir/feature_tests.c.o
/Applications/Xcode.app/Contents/Developer/usr/bin/gcc    -std=c99 -o CMakeFiles/cmTC_53620.dir/feature_tests.c.o   -c /Users/msmith/git/omush/proving_grounds/build/CMakeFiles/feature_tests.c
Linking C executable cmTC_53620
/usr/local/Cellar/cmake/3.4.2/bin/cmake -E cmake_link_script CMakeFiles/cmTC_53620.dir/link.txt --verbose=1
/Applications/Xcode.app/Contents/Developer/usr/bin/gcc    -Wl,-search_paths_first -Wl,-headerpad_max_install_names   CMakeFiles/cmTC_53620.dir/feature_tests.c.o  -o cmTC_53620  


    Feature record: C_FEATURE:1c_function_prototypes
    Feature record: C_FEATURE:1c_restrict
    Feature record: C_FEATURE:0c_static_assert
    Feature record: C_FEATURE:1c_variadic_macros


Detecting C [-std=c90] compiler features compiled with the following output:
Change Dir: /Users/msmith/git/omush/proving_grounds/build/CMakeFiles/CMakeTmp

Run Build Command:"/usr/bin/make" "cmTC_426db/fast"
/Applications/Xcode.app/Contents/Developer/usr/bin/make -f CMakeFiles/cmTC_426db.dir/build.make CMakeFiles/cmTC_426db.dir/build
Building C object CMakeFiles/cmTC_426db.dir/feature_tests.c.o
/Applications/Xcode.app/Contents/Developer/usr/bin/gcc    -std=c90 -o CMakeFiles/cmTC_426db.dir/feature_tests.c.o   -c /Users/msmith/git/omush/proving_grounds/build/CMakeFiles/feature_tests.c
Linking C executable cmTC_426db
/usr/local/Cellar/cmake/3.4.2/bin/cmake -E cmake_link_script CMakeFiles/cmTC_426db.dir/link.txt --verbose=1
/Applications/Xcode.app/Contents/Developer/usr/bin/gcc    -Wl,-search_paths_first -Wl,-headerpad_max_install_names   CMakeFiles/cmTC_426db.dir/feature_tests.c.o  -o cmTC_426db  


    Feature record: C_FEATURE:1c_function_prototypes
    Feature record: C_FEATURE:0c_restrict
    Feature record: C_FEATURE:0c_static_assert
    Feature record: C_FEATURE:0c_variadic_macros
Determining if the CXX compiler works passed with the following output:
Change Dir: /Users/msmith/git/omush/proving_grounds/build/CMakeFiles/CMakeTmp

Run Build Command:"/usr/bin/make" "cmTC_6ed05/fast"
/Applications/Xcode.app/Contents/Developer/usr/bin/make -f CMakeFiles/cmTC_6ed05.dir/build.make CMakeFiles/cmTC_6ed05.dir/build
Building CXX object CMakeFiles/cmTC_6ed05.dir/testCXXCompiler.cxx.o
/Applications/Xcode.app/Contents/Developer/usr/bin/g++      -o CMakeFiles/cmTC_6ed05.dir/testCXXCompiler.cxx.o -c /Users/msmith/git/omush/proving_grounds/build/CMakeFiles/CMakeTmp/testCXXCompiler.cxx
Linking CXX executable cmTC_6ed05
/usr/local/Cellar/cmake/3.4.2/bin/cmake -E cmake_link_script CMakeFiles/cmTC_6ed05.dir/link.txt --verbose=1
/Applications/Xcode.app/Contents/Developer/usr/bin/g++     -Wl,-search_paths_first -Wl,-headerpad_max_install_names   CMakeFiles/cmTC_6ed05.dir/testCXXCompiler.cxx.o  -o cmTC_6ed05  


Detecting CXX compiler ABI info compiled with the following output:
Change Dir: /Users/msmith/git/omush/proving_grounds/build/CMakeFiles/CMakeTmp

Run Build Command:"/usr/bin/make" "cmTC_8af24/fast"
/Applications/Xcode.app/Contents/Developer/usr/bin/make -f CMakeFiles/cmTC_8af24.dir/build.make CMakeFiles/cmTC_8af24.dir/build
Building CXX object CMakeFiles/cmTC_8af24.dir/CMakeCXXCompilerABI.cpp.o
/Applications/Xcode.app/Contents/Developer/usr/bin/g++      -o CMakeFiles/cmTC_8af24.dir/CMakeCXXCompilerABI.cpp.o -c /usr/local/Cellar/cmake/3.4.2/share/cmake/Modules/CMakeCXXCompilerABI.cpp
Linking CXX executable cmTC_8af24
/usr/local/Cellar/cmake/3.4.2/bin/cmake -E cmake_link_script CMakeFiles/cmTC_8af24.dir/link.txt --verbose=1
/Applications/Xcode.app/Contents/Developer/usr/bin/g++     -Wl,-search_paths_first -Wl,-headerpad_max_install_names  -v -Wl,-v CMakeFiles/cmTC_8af24.dir/CMakeCXXCompilerABI.cpp.o  -o cmTC_8af24   
Apple LLVM version 7.0.2 (clang-700.1.81)
Target: x86_64-apple-darwin14.5.0
Thread model: posix
 "/Applications/Xcode.app/Contents/Developer/Toolchains/XcodeDefault.xctoolchain/usr/bin/ld" -demangle -dynamic -arch x86_64 -macosx_version_min 10.10.0 -o cmTC_8af24 -search_paths_first -headerpad_max_install_names -v CMakeFiles/cmTC_8af24.dir/CMakeCXXCompilerABI.cpp.o -lc++ -lSystem /Applications/Xcode.app/Contents/Developer/Toolchains/XcodeDefault.xctoolchain/usr/bin/../lib/clang/7.0.2/lib/darwin/libclang_rt.osx.a
@(#)PROGRAM:ld  PROJECT:ld64-253.9
configured to support archs: armv6 armv7 armv7s arm64 i386 x86_64 x86_64h armv6m armv7k armv7m armv7em (tvOS)
Library search paths:
	/usr/lib
	/usr/local/lib
Framework search paths:
	/Library/Frameworks/
	/System/Library/Frameworks/


Parsed CXX implicit link information from above output:
  link line regex: [^( *|.*[/\])(ld|([^/\]+-)?ld|collect2)[^/\]*( |$)]
  ignore line: [Change Dir: /Users/msmith/git/omush/proving_grounds/build/CMakeFiles/CMakeTmp]
  ignore line: []
  ignore line: [Run Build Command:"/usr/bin/make" "cmTC_8af24/fast"]
  ignore line: [/Applications/Xcode.app/Contents/Developer/usr/bin/make -f CMakeFiles/cmTC_8af24.dir/build.make CMakeFiles/cmTC_8af24.dir/build]
  ignore line: [Building CXX object CMakeFiles/cmTC_8af24.dir/CMakeCXXCompilerABI.cpp.o]
  ignore line: [/Applications/Xcode.app/Contents/Developer/usr/bin/g++      -o CMakeFiles/cmTC_8af24.dir/CMakeCXXCompilerABI.cpp.o -c /usr/local/Cellar/cmake/3.4.2/share/cmake/Modules/CMakeCXXCompilerABI.cpp]
  ignore line: [Linking CXX executable cmTC_8af24]
  ignore line: [/usr/local/Cellar/cmake/3.4.2/bin/cmake -E cmake_link_script CMakeFiles/cmTC_8af24.dir/link.txt --verbose=1]
  ignore line: [/Applications/Xcode.app/Contents/Developer/usr/bin/g++     -Wl,-search_paths_first -Wl,-headerpad_max_install_names  -v -Wl,-v CMakeFiles/cmTC_8af24.dir/CMakeCXXCompilerABI.cpp.o  -o cmTC_8af24   ]
  ignore line: [Apple LLVM version 7.0.2 (clang-700.1.81)]
  ignore line: [Target: x86_64-apple-darwin14.5.0]
  ignore line: [Thread model: posix]
  link line: [ "/Applications/Xcode.app/Contents/Developer/Toolchains/XcodeDefault.xctoolchain/usr/bin/ld" -demangle -dynamic -arch x86_64 -macosx_version_min 10.10.0 -o cmTC_8af24 -search_paths_first -headerpad_max_install_names -v CMakeFiles/cmTC_8af24.dir/CMakeCXXCompilerABI.cpp.o -lc++ -lSystem /Applications/Xcode.app/Contents/Developer/Toolchains/XcodeDefault.xctoolchain/usr/bin/../lib/clang/7.0.2/lib/darwin/libclang_rt.osx.a]
    arg [/Applications/Xcode.app/Contents/Developer/Toolchains/XcodeDefault.xctoolchain/usr/bin/ld] ==> ignore
    arg [-demangle] ==> ignore
    arg [-dynamic] ==> ignore
    arg [-arch] ==> ignore
    arg [x86_64] ==> ignore
    arg [-macosx_version_min] ==> ignore
    arg [10.10.0] ==> ignore
    arg [-o] ==> ignore
    arg [cmTC_8af24] ==> ignore
    arg [-search_paths_first] ==> ignore
    arg [-headerpad_max_install_names] ==> ignore
    arg [-v] ==> ignore
    arg [CMakeFiles/cmTC_8af24.dir/CMakeCXXCompilerABI.cpp.o] ==> ignore
    arg [-lc++] ==> lib [c++]
    arg [-lSystem] ==> lib [System]
    arg [/Applications/Xcode.app/Contents/Developer/Toolchains/XcodeDefault.xctoolchain/usr/bin/../lib/clang/7.0.2/lib/darwin/libclang_rt.osx.a] ==> lib [/Applications/Xcode.app/Contents/Developer/Toolchains/XcodeDefault.xctoolchain/usr/bin/../lib/clang/7.0.2/lib/darwin/libclang_rt.osx.a]
  Library search paths: [;/usr/lib;/usr/local/lib]
  Framework search paths: [;/Library/Frameworks/;/System/Library/Frameworks/]
  remove lib [System]
  collapse lib [/Applications/Xcode.app/Contents/Developer/Toolchains/XcodeDefault.xctoolchain/usr/bin/../lib/clang/7.0.2/lib/darwin/libclang_rt.osx.a] ==> [/Applications/Xcode.app/Contents/Developer/Toolchains/XcodeDefault.xctoolchain/usr/lib/clang/7.0.2/lib/darwin/libclang_rt.osx.a]
  collapse library dir [/usr/lib] ==> [/usr/lib]
  collapse library dir [/usr/local/lib] ==> [/usr/local/lib]
  collapse framework dir [/Library/Frameworks/] ==> [/Library/Frameworks]
  collapse framework dir [/System/Library/Frameworks/] ==> [/System/Library/Frameworks]
  implicit libs: [c++;/Applications/Xcode.app/Contents/Developer/Toolchains/XcodeDefault.xctoolchain/usr/lib/clang/7.0.2/lib/darwin/libclang_rt.osx.a]
  implicit dirs: [/usr/lib;/usr/local/lib]
  implicit fwks: [/Library/Frameworks;/System/Library/Frameworks]




Detecting CXX [-std=c++14] compiler features compiled with the following output:
Change Dir: /Users/msmith/git/omush/proving_grounds/build/CMakeFiles/CMakeTmp

Run Build Command:"/usr/bin/make" "cmTC_c40e4/fast"
/Applications/Xcode.app/Contents/Developer/usr/bin/make -f CMakeFiles/cmTC_c40e4.dir/build.make CMakeFiles/cmTC_c40e4.dir/build
Building CXX object CMakeFiles/cmTC_c40e4.dir/feature_tests.cxx.o
/Applications/Xcode.app/Contents/Developer/usr/bin/g++     -std=c++14 -o CMakeFiles/cmTC_c40e4.dir/feature_tests.cxx.o -c /Users/msmith/git/omush/proving_grounds/build/CMakeFiles/feature_tests.cxx
Linking CXX executable cmTC_c40e4
/usr/local/Cellar/cmake/3.4.2/bin/cmake -E cmake_link_script CMakeFiles/cmTC_c40e4.dir/link.txt --verbose=1
/Applications/Xcode.app/Contents/Developer/usr/bin/g++     -Wl,-search_paths_first -Wl,-headerpad_max_install_names   CMakeFiles/cmTC_c40e4.dir/feature_tests.cxx.o  -o cmTC_c40e4  


    Feature record: CXX_FEATURE:1cxx_aggregate_default_initializers
    Feature record: CXX_FEATURE:1cxx_alias_templates
    Feature record: CXX_FEATURE:1cxx_alignas
    Feature record: CXX_FEATURE:1cxx_alignof
    Feature record: CXX_FEATURE:1cxx_attributes
    Feature record: CXX_FEATURE:1cxx_attribute_deprecated
    Feature record: CXX_FEATURE:1cxx_auto_type
    Feature record: CXX_FEATURE:1cxx_binary_literals
    Feature record: CXX_FEATURE:1cxx_constexpr
    Feature record: CXX_FEATURE:1cxx_contextual_conversions
    Feature record: CXX_FEATURE:1cxx_decltype
    Feature record: CXX_FEATURE:1cxx_decltype_auto
    Feature record: CXX_FEATURE:1cxx_decltype_incomplete_return_types
    Feature record: CXX_FEATURE:1cxx_default_function_template_args
    Feature record: CXX_FEATURE:1cxx_defaulted_functions
    Feature record: CXX_FEATURE:1cxx_defaulted_move_initializers
    Feature record: CXX_FEATURE:1cxx_delegating_constructors
    Feature record: CXX_FEATURE:1cxx_deleted_functions
    Feature record: CXX_FEATURE:1cxx_digit_separators
    Feature record: CXX_FEATURE:1cxx_enum_forward_declarations
    Feature record: CXX_FEATURE:1cxx_explicit_conversions
    Feature record: CXX_FEATURE:1cxx_extended_friend_declarations
    Feature record: CXX_FEATURE:1cxx_extern_templates
    Feature record: CXX_FEATURE:1cxx_final
    Feature record: CXX_FEATURE:1cxx_func_identifier
    Feature record: CXX_FEATURE:1cxx_generalized_initializers
    Feature record: CXX_FEATURE:1cxx_generic_lambdas
    Feature record: CXX_FEATURE:1cxx_inheriting_constructors
    Feature record: CXX_FEATURE:1cxx_inline_namespaces
    Feature record: CXX_FEATURE:1cxx_lambdas
    Feature record: CXX_FEATURE:1cxx_lambda_init_captures
    Feature record: CXX_FEATURE:1cxx_local_type_template_args
    Feature record: CXX_FEATURE:1cxx_long_long_type
    Feature record: CXX_FEATURE:1cxx_noexcept
    Feature record: CXX_FEATURE:1cxx_nonstatic_member_init
    Feature record: CXX_FEATURE:1cxx_nullptr
    Feature record: CXX_FEATURE:1cxx_override
    Feature record: CXX_FEATURE:1cxx_range_for
    Feature record: CXX_FEATURE:1cxx_raw_string_literals
    Feature record: CXX_FEATURE:1cxx_reference_qualified_functions
    Feature record: CXX_FEATURE:1cxx_relaxed_constexpr
    Feature record: CXX_FEATURE:1cxx_return_type_deduction
    Feature record: CXX_FEATURE:1cxx_right_angle_brackets
    Feature record: CXX_FEATURE:1cxx_rvalue_references
    Feature record: CXX_FEATURE:1cxx_sizeof_member
    Feature record: CXX_FEATURE:1cxx_static_assert
    Feature record: CXX_FEATURE:1cxx_strong_enums
    Feature record: CXX_FEATURE:1cxx_template_template_parameters
    Feature record: CXX_FEATURE:0cxx_thread_local
    Feature record: CXX_FEATURE:1cxx_trailing_return_types
    Feature record: CXX_FEATURE:1cxx_unicode_literals
    Feature record: CXX_FEATURE:1cxx_uniform_initialization
    Feature record: CXX_FEATURE:1cxx_unrestricted_unions
    Feature record: CXX_FEATURE:1cxx_user_literals
    Feature record: CXX_FEATURE:1cxx_variable_templates
    Feature record: CXX_FEATURE:1cxx_variadic_macros
    Feature record: CXX_FEATURE:1cxx_variadic_templates


Detecting CXX [-std=c++11] compiler features compiled with the following output:
Change Dir: /Users/msmith/git/omush/proving_grounds/build/CMakeFiles/CMakeTmp

Run Build Command:"/usr/bin/make" "cmTC_ab6b1/fast"
/Applications/Xcode.app/Contents/Developer/usr/bin/make -f CMakeFiles/cmTC_ab6b1.dir/build.make CMakeFiles/cmTC_ab6b1.dir/build
Building CXX object CMakeFiles/cmTC_ab6b1.dir/feature_tests.cxx.o
/Applications/Xcode.app/Contents/Developer/usr/bin/g++     -std=c++11 -o CMakeFiles/cmTC_ab6b1.dir/feature_tests.cxx.o -c /Users/msmith/git/omush/proving_grounds/build/CMakeFiles/feature_tests.cxx
Linking CXX executable cmTC_ab6b1
/usr/local/Cellar/cmake/3.4.2/bin/cmake -E cmake_link_script CMakeFiles/cmTC_ab6b1.dir/link.txt --verbose=1
/Applications/Xcode.app/Contents/Developer/usr/bin/g++     -Wl,-search_paths_first -Wl,-headerpad_max_install_names   CMakeFiles/cmTC_ab6b1.dir/feature_tests.cxx.o  -o cmTC_ab6b1  


    Feature record: CXX_FEATURE:0cxx_aggregate_default_initializers
    Feature record: CXX_FEATURE:1cxx_alias_templates
    Feature record: CXX_FEATURE:1cxx_alignas
    Feature record: CXX_FEATURE:1cxx_alignof
    Feature record: CXX_FEATURE:1cxx_attributes
    Feature record: CXX_FEATURE:0cxx_attribute_deprecated
    Feature record: CXX_FEATURE:1cxx_auto_type
    Feature record: CXX_FEATURE:0cxx_binary_literals
    Feature record: CXX_FEATURE:1cxx_constexpr
    Feature record: CXX_FEATURE:0cxx_contextual_conversions
    Feature record: CXX_FEATURE:1cxx_decltype
    Feature record: CXX_FEATURE:0cxx_decltype_auto
    Feature record: CXX_FEATURE:1cxx_decltype_incomplete_return_types
    Feature record: CXX_FEATURE:1cxx_default_function_template_args
    Feature record: CXX_FEATURE:1cxx_defaulted_functions
    Feature record: CXX_FEATURE:1cxx_defaulted_move_initializers
    Feature record: CXX_FEATURE:1cxx_delegating_constructors
    Feature record: CXX_FEATURE:1cxx_deleted_functions
    Feature record: CXX_FEATURE:0cxx_digit_separators
    Feature record: CXX_FEATURE:1cxx_enum_forward_declarations
    Feature record: CXX_FEATURE:1cxx_explicit_conversions
    Feature record: CXX_FEATURE:1cxx_extended_friend_declarations
    Feature record: CXX_FEATURE:1cxx_extern_templates
    Feature record: CXX_FEATURE:1cxx_final
    Feature record: CXX_FEATURE:1cxx_func_identifier
    Feature record: CXX_FEATURE:1cxx_generalized_initializers
    Feature record: CXX_FEATURE:0cxx_generic_lambdas
    Feature record: CXX_FEATURE:1cxx_inheriting_constructors
    Feature record: CXX_FEATURE:1cxx_inline_namespaces
    Feature record: CXX_FEATURE:1cxx_lambdas
    Feature record: CXX_FEATURE:0cxx_lambda_init_captures
    Feature record: CXX_FEATURE:1cxx_local_type_template_args
    Feature record: CXX_FEATURE:1cxx_long_long_type
    Feature record: CXX_FEATURE:1cxx_noexcept
    Feature record: CXX_FEATURE:1cxx_nonstatic_member_init
    Feature record: CXX_FEATURE:1cxx_nullptr
    Feature record: CXX_FEATURE:1cxx_override
    Feature record: CXX_FEATURE:1cxx_range_for
    Feature record: CXX_FEATURE:1cxx_raw_string_literals
    Feature record: CXX_FEATURE:1cxx_reference_qualified_functions
    Feature record: CXX_FEATURE:0cxx_relaxed_constexpr
    Feature record: CXX_FEATURE:0cxx_return_type_deduction
    Feature record: CXX_FEATURE:1cxx_right_angle_brackets
    Feature record: CXX_FEATURE:1cxx_rvalue_references
    Feature record: CXX_FEATURE:1cxx_sizeof_member
    Feature record: CXX_FEATURE:1cxx_static_assert
    Feature record: CXX_FEATURE:1cxx_strong_enums
    Feature record: CXX_FEATURE:1cxx_template_template_parameters
    Feature record: CXX_FEATURE:0cxx_thread_local
    Feature record: CXX_FEATURE:1cxx_trailing_return_types
    Feature record: CXX_FEATURE:1cxx_unicode_literals
    Feature record: CXX_FEATURE:1cxx_uniform_initialization
    Feature record: CXX_FEATURE:1cxx_unrestricted_unions
    Feature record: CXX_FEATURE:1cxx_user_literals
    Feature record: CXX_FEATURE:0cxx_variable_templates
    Feature record: CXX_FEATURE:1cxx_variadic_macros
    Feature record: CXX_FEATURE:1cxx_variadic_templates


Detecting CXX [-std=c++98] compiler features compiled with the following output:
Change Dir: /Users/msmith/git/omush/proving_grounds/build/CMakeFiles/CMakeTmp

Run Build Command:"/usr/bin/make" "cmTC_a3398/fast"
/Applications/Xcode.app/Contents/Developer/usr/bin/make -f CMakeFiles/cmTC_a3398.dir/build.make CMakeFiles/cmTC_a3398.dir/build
Building CXX object CMakeFiles/cmTC_a3398.dir/feature_tests.cxx.o
/Applications/Xcode.app/Contents/Developer/usr/bin/g++     -std=c++98 -o CMakeFiles/cmTC_a3398.dir/feature_tests.cxx.o -c /Users/msmith/git/omush/proving_grounds/build/CMakeFiles/feature_tests.cxx
Linking CXX executable cmTC_a3398
/usr/local/Cellar/cmake/3.4.2/bin/cmake -E cmake_link_script CMakeFiles/cmTC_a3398.dir/link.txt --verbose=1
/Applications/Xcode.app/Contents/Developer/usr/bin/g++     -Wl,-search_paths_first -Wl,-headerpad_max_install_names   CMakeFiles/cmTC_a3398.dir/feature_tests.cxx.o  -o cmTC_a3398  


    Feature record: CXX_FEATURE:0cxx_aggregate_default_initializers
    Feature record: CXX_FEATURE:0cxx_alias_templates
    Feature record: CXX_FEATURE:0cxx_alignas
    Feature record: CXX_FEATURE:0cxx_alignof
    Feature record: CXX_FEATURE:0cxx_attributes
    Feature record: CXX_FEATURE:0cxx_attribute_deprecated
    Feature record: CXX_FEATURE:0cxx_auto_type
    Feature record: CXX_FEATURE:0cxx_binary_literals
    Feature record: CXX_FEATURE:0cxx_constexpr
    Feature record: CXX_FEATURE:0cxx_contextual_conversions
    Feature record: CXX_FEATURE:0cxx_decltype
    Feature record: CXX_FEATURE:0cxx_decltype_auto
    Feature record: CXX_FEATURE:0cxx_decltype_incomplete_return_types
    Feature record: CXX_FEATURE:0cxx_default_function_template_args
    Feature record: CXX_FEATURE:0cxx_defaulted_functions
    Feature record: CXX_FEATURE:0cxx_defaulted_move_initializers
    Feature record: CXX_FEATURE:0cxx_delegating_constructors
    Feature record: CXX_FEATURE:0cxx_deleted_functions
    Feature record: CXX_FEATURE:0cxx_digit_separators
    Feature record: CXX_FEATURE:0cxx_enum_forward_declarations
    Feature record: CXX_FEATURE:0cxx_explicit_conversions
    Feature record: CXX_FEATURE:0cxx_extended_friend_declarations
    Feature record: CXX_FEATURE:0cxx_extern_templates
    Feature record: CXX_FEATURE:0cxx_final
    Feature record: CXX_FEATURE:0cxx_func_identifier
    Feature record: CXX_FEATURE:0cxx_generalized_initializers
    Feature record: CXX_FEATURE:0cxx_generic_lambdas
    Feature record: CXX_FEATURE:0cxx_inheriting_constructors
    Feature record: CXX_FEATURE:0cxx_inline_namespaces
    Feature record: CXX_FEATURE:0cxx_lambdas
    Feature record: CXX_FEATURE:0cxx_lambda_init_captures
    Feature record: CXX_FEATURE:0cxx_local_type_template_args
    Feature record: CXX_FEATURE:0cxx_long_long_type
    Feature record: CXX_FEATURE:0cxx_noexcept
    Feature record: CXX_FEATURE:0cxx_nonstatic_member_init
    Feature record: CXX_FEATURE:0cxx_nullptr
    Feature record: CXX_FEATURE:0cxx_override
    Feature record: CXX_FEATURE:0cxx_range_for
    Feature record: CXX_FEATURE:0cxx_raw_string_literals
    Feature record: CXX_FEATURE:0cxx_reference_qualified_functions
    Feature record: CXX_FEATURE:0cxx_relaxed_constexpr
    Feature record: CXX_FEATURE:0cxx_return_type_deduction
    Feature record: CXX_FEATURE:0cxx_right_angle_brackets
    Feature record: CXX_FEATURE:0cxx_rvalue_references
    Feature record: CXX_FEATURE:0cxx_sizeof_member
    Feature record: CXX_FEATURE:0cxx_static_assert
    Feature record: CXX_FEATURE:0cxx_strong_enums
    Feature record: CXX_FEATURE:1cxx_template_template_parameters
    Feature record: CXX_FEATURE:0cxx_thread_local
    Feature record: CXX_FEATURE:0cxx_trailing_return_types
    Feature record: CXX_FEATURE:0cxx_unicode_literals
    Feature record: CXX_FEATURE:0cxx_uniform_initialization
    Feature record: CXX_FEATURE:0cxx_unrestricted_unions
    Feature record: CXX_FEATURE:0cxx_user_literals
    Feature record: CXX_FEATURE:0cxx_variable_templates
    Feature record: CXX_FEATURE:0cxx_variadic_macros
    Feature record: CXX_FEATURE:0cxx_variadic_templates
Performing C++ SOURCE FILE Test COMPILER_SUPPORTS_CXX11 succeded with the following output:
Change Dir: /Users/msmith/git/omush/proving_grounds/build/CMakeFiles/CMakeTmp

Run Build Command:"/usr/bin/make" "cmTC_bc6b1/fast"
/Applications/Xcode.app/Contents/Developer/usr/bin/make -f CMakeFiles/cmTC_bc6b1.dir/build.make CMakeFiles/cmTC_bc6b1.dir/build
Building CXX object CMakeFiles/cmTC_bc6b1.dir/src.cxx.o
/Applications/Xcode.app/Contents/Developer/usr/bin/g++     -DCOMPILER_SUPPORTS_CXX11   -std=c++11 -o CMakeFiles/cmTC_bc6b1.dir/src.cxx.o -c /Users/msmith/git/omush/proving_grounds/build/CMakeFiles/CMakeTmp/src.cxx
Linking CXX executable cmTC_bc6b1
/usr/local/Cellar/cmake/3.4.2/bin/cmake -E cmake_link_script CMakeFiles/cmTC_bc6b1.dir/link.txt --verbose=1
/Applications/Xcode.app/Contents/Developer/usr/bin/g++    -DCOMPILER_SUPPORTS_CXX11 -Wl,-search_paths_first -Wl,-headerpad_max_install_names   CMakeFiles/cmTC_bc6b1.dir/src.cxx.o  -o cmTC_bc6b1  

Source file was:
int main() { return 0; }
Performing C++ SOURCE FILE Test COMPILER_SUPPORTS_CXX0X succeded with the following output:
Change Dir: /Users/msmith/git/omush/proving_grounds/build/CMakeFiles/CMakeTmp

Run Build Command:"/usr/bin/make" "cmTC_95d10/fast"
/Applications/Xcode.app/Contents/Developer/usr/bin/make -f CMakeFiles/cmTC_95d10.dir/build.make CMakeFiles/cmTC_95d10.dir/build
Building CXX object CMakeFiles/cmTC_95d10.dir/src.cxx.o
/Applications/Xcode.app/Contents/Developer/usr/bin/g++     -DCOMPILER_SUPPORTS_CXX0X   -std=c++0x -o CMakeFiles/cmTC_95d10.dir/src.cxx.o -c /Users/msmith/git/omush/proving_grounds/build/CMakeFiles/CMakeTmp/src.cxx
Linking CXX executable cmTC_95d10
/usr/local/Cellar/cmake/3.4.2/bin/cmake -E cmake_link_script CMakeFiles/cmTC_95d10.dir/link.txt --verbose=1
/Applications/Xcode.app/Contents/Developer/usr/bin/g++    -DCOMPILER_SUPPORTS_CXX0X -Wl,-search_paths_first -Wl,-headerpad_max_install_names   CMakeFiles/cmTC_95d10.dir/src.cxx.o  -o cmTC_95d10  

Source file was:
int main() { return 0; }
Determining if the include file pthread.h exists passed with the following output:
Change Dir: /Users/msmith/git/omush/proving_grounds/build/CMakeFiles/CMakeTmp

Run Build Command:"/usr/bin/make" "cmTC_59198/fast"
/Applications/Xcode.app/Contents/Developer/usr/bin/make -f CMakeFiles/cmTC_59198.dir/build.make CMakeFiles/cmTC_59198.dir/build
Building C object CMakeFiles/cmTC_59198.dir/CheckIncludeFile.c.o
/Applications/Xcode.app/Contents/Developer/usr/bin/gcc     -o CMakeFiles/cmTC_59198.dir/CheckIncludeFile.c.o   -c /Users/msmith/git/omush/proving_grounds/build/CMakeFiles/CMakeTmp/CheckIncludeFile.c
Linking C executable cmTC_59198
/usr/local/Cellar/cmake/3.4.2/bin/cmake -E cmake_link_script CMakeFiles/cmTC_59198.dir/link.txt --verbose=1
/Applications/Xcode.app/Contents/Developer/usr/bin/gcc    -Wl,-search_paths_first -Wl,-headerpad_max_install_names   CMakeFiles/cmTC_59198.dir/CheckIncludeFile.c.o  -o cmTC_59198  


Determining if the pthread_create exist passed with the following output:
Change Dir: /Users/msmith/git/omush/proving_grounds/build/CMakeFiles/CMakeTmp

Run Build Command:"/usr/bin/make" "cmTC_6fc35/fast"
/Applications/Xcode.app/Contents/Developer/usr/bin/make -f CMakeFiles/cmTC_6fc35.dir/build.make CMakeFiles/cmTC_6fc35.dir/build
Building C object CMakeFiles/cmTC_6fc35.dir/CheckSymbolExists.c.o
/Applications/Xcode.app/Contents/Developer/usr/bin/gcc     -o CMakeFiles/cmTC_6fc35.dir/CheckSymbolExists.c.o   -c /Users/msmith/git/omush/proving_grounds/build/CMakeFiles/CMakeTmp/CheckSymbolExists.c
Linking C executable cmTC_6fc35
/usr/local/Cellar/cmake/3.4.2/bin/cmake -E cmake_link_script CMakeFiles/cmTC_6fc35.dir/link.txt --verbose=1
/Applications/Xcode.app/Contents/Developer/usr/bin/gcc    -Wl,-search_paths_first -Wl,-headerpad_max_install_names   CMakeFiles/cmTC_6fc35.dir/CheckSymbolExists.c.o  -o cmTC_6fc35  

File /Users/msmith/git/omush/proving_grounds/build/CMakeFiles/CMakeTmp/CheckSymbolExists.c:
/* */
#include <pthread.h>

int main(int argc, char** argv)
{
  (void)argv;
#ifndef pthread_create
  return ((int*)(&pthread_create))[argc];
#else
  (void)argc;
  return 0;
#endif
}

